<?xml version="1.0" encoding="UTF-8"?>
<!-- Generated by org.testng.reporters.JUnitReportReporter -->
<testsuite hostname="DESKTOP-2IPOH7J" failures="0" tests="4" name="com.Freshness.HomePageTests.HomePageTest" time="58.185" errors="0" timestamp="2024-03-22T23:58:46 AST" skipped="0">
  <testcase classname="com.Freshness.HomePageTests.HomePageTest" name="createNewProduct" time="18.018"/>
  <system-out/>
  <testcase classname="com.Freshness.HomePageTests.HomePageTest" name="editeProduct" time="25.853"/>
  <system-out/>
  <testcase classname="com.Freshness.HomePageTests.HomePageTest" name="deleteProduct" time="7.732"/>
  <system-out/>
  <testcase classname="com.Freshness.HomePageTests.HomePageTest" name="searchForOneProduct" time="6.582"/>
  <system-out/>
</testsuite> <!-- com.Freshness.HomePageTests.HomePageTest -->
