<?xml version="1.0" encoding="UTF-8"?>
<!-- Generated by org.testng.reporters.JUnitReportReporter -->
<testsuite hostname="JOGM01T0NJ" failures="0" tests="5" name="com.Freshness.HomePageTests.HomePageTest" time="80.378" errors="0" timestamp="2024-04-13T20:27:10 AST" skipped="0">
  <testcase classname="com.Freshness.HomePageTests.HomePageTest" name="createNewProduct" time="25.234"/>
  <testcase classname="com.Freshness.HomePageTests.HomePageTest" name="editeProduct" time="16.269"/>
  <testcase classname="com.Freshness.HomePageTests.HomePageTest" name="deleteProduct" time="12.069"/>
  <testcase classname="com.Freshness.HomePageTests.HomePageTest" name="searchForOneProduct" time="13.333"/>
  <testcase classname="com.Freshness.HomePageTests.HomePageTest" name="searchproduct" time="13.473"/>
</testsuite> <!-- com.Freshness.HomePageTests.HomePageTest -->
