<?xml version="1.0" encoding="UTF-8"?>
<!-- Generated by org.testng.reporters.JUnitReportReporter -->
<testsuite hostname="DESKTOP-2IPOH7J" failures="0" tests="5" name="com.Freshness.HomePageTests.HomePageTest" time="67.366" errors="0" timestamp="2024-03-23T10:53:49 AST" skipped="0">
  <testcase classname="com.Freshness.HomePageTests.HomePageTest" name="createNewProduct" time="17.745"/>
  <testcase classname="com.Freshness.HomePageTests.HomePageTest" name="editeProduct" time="28.588"/>
  <testcase classname="com.Freshness.HomePageTests.HomePageTest" name="deleteProduct" time="7.715"/>
  <testcase classname="com.Freshness.HomePageTests.HomePageTest" name="searchForOneProduct" time="6.627"/>
  <testcase classname="com.Freshness.HomePageTests.HomePageTest" name="searchproduct" time="6.691"/>
</testsuite> <!-- com.Freshness.HomePageTests.HomePageTest -->
