<?xml version="1.0" encoding="UTF-8"?>
<!-- Generated by org.testng.reporters.JUnitReportReporter -->
<testsuite hostname="DESKTOP-2IPOH7J" failures="0" tests="5" name="com.Freshness.HomePageTests.HomePageTest" time="67.715" errors="0" timestamp="2024-03-23T00:05:01 AST" skipped="0">
  <testcase classname="com.Freshness.HomePageTests.HomePageTest" name="createNewProduct" time="18.633"/>
  <testcase classname="com.Freshness.HomePageTests.HomePageTest" name="editeProduct" time="26.853"/>
  <testcase classname="com.Freshness.HomePageTests.HomePageTest" name="deleteProduct" time="7.813"/>
  <testcase classname="com.Freshness.HomePageTests.HomePageTest" name="searchForOneProduct" time="7.014"/>
  <testcase classname="com.Freshness.HomePageTests.HomePageTest" name="searchproduct" time="7.402"/>
</testsuite> <!-- com.Freshness.HomePageTests.HomePageTest -->
