<?xml version="1.0" encoding="UTF-8"?>
<!-- Generated by org.testng.reporters.JUnitReportReporter -->
<testsuite hostname="DESKTOP-2IPOH7J" failures="0" tests="5" name="com.Freshness.HomePageTests.HomePageTest" time="68.105" errors="0" timestamp="2024-03-23T10:40:10 AST" skipped="0">
  <testcase classname="com.Freshness.HomePageTests.HomePageTest" name="createNewProduct" time="18.534"/>
  <testcase classname="com.Freshness.HomePageTests.HomePageTest" name="editeProduct" time="25.656"/>
  <testcase classname="com.Freshness.HomePageTests.HomePageTest" name="deleteProduct" time="9.272"/>
  <testcase classname="com.Freshness.HomePageTests.HomePageTest" name="searchForOneProduct" time="7.504"/>
  <testcase classname="com.Freshness.HomePageTests.HomePageTest" name="searchproduct" time="7.139"/>
</testsuite> <!-- com.Freshness.HomePageTests.HomePageTest -->
